2020/06/09 12:57:42 [INFO] Terraform version: 0.13.0 beta1 
2020/06/09 12:57:42 [INFO] Go runtime version: go1.14.2
2020/06/09 12:57:42 [INFO] CLI args: []string{"C:\\ProgramsWithoutInstallers\\Terraform\\terraform.exe", "import", "module.project.google_project.this", "testproj-972011"}
2020/06/09 12:57:42 [DEBUG] Attempting to open CLI config file: C:\Users\Kalms\AppData\Roaming\terraform.rc
2020/06/09 12:57:42 [DEBUG] File doesn't exist, but doesn't need to. Ignoring.
2020/06/09 12:57:42 [DEBUG] ignoring non-existing provider search directory terraform.d/plugins
2020/06/09 12:57:42 [DEBUG] ignoring non-existing provider search directory C:\Users\Kalms\AppData\Roaming\HashiCorp\Terraform\plugins
2020/06/09 12:57:42 [INFO] CLI command args: []string{"import", "module.project.google_project.this", "testproj-972011"}
2020/06/09 12:57:42 [TRACE] Meta.Backend: no config given or present on disk, so returning nil config
2020/06/09 12:57:42 [TRACE] Meta.Backend: backend has not previously been initialized in this working directory
2020/06/09 12:57:42 [DEBUG] New state was assigned lineage "00b65111-b89f-8c70-8677-f5e3923023f8"
2020/06/09 12:57:42 [TRACE] Meta.Backend: using default local state only (no backend configuration, and no existing initialized backend)
2020/06/09 12:57:42 [TRACE] Meta.Backend: instantiated backend of type <nil>
2020/06/09 12:57:42 [TRACE] providercache.fillMetaCache: scanning directory .terraform\plugins
2020/06/09 12:57:42 [TRACE] getproviders.SearchLocalDirectory: found registry.terraform.io/-/google v3.25.0 for windows_amd64 at .terraform\plugins\registry.terraform.io\-\google\3.25.0\windows_amd64
2020/06/09 12:57:42 [TRACE] getproviders.SearchLocalDirectory: found registry.terraform.io/hashicorp/google v3.25.0 for windows_amd64 at .terraform\plugins\registry.terraform.io\hashicorp\google\3.25.0\windows_amd64
2020/06/09 12:57:42 [TRACE] providercache.fillMetaCache: including .terraform\plugins\registry.terraform.io\hashicorp\google\3.25.0\windows_amd64 as a candidate package for registry.terraform.io/hashicorp/google 3.25.0
2020/06/09 12:57:42 [TRACE] providercache.fillMetaCache: including .terraform\plugins\registry.terraform.io\-\google\3.25.0\windows_amd64 as a candidate package for registry.terraform.io/-/google 3.25.0
2020/06/09 12:57:42 [DEBUG] checking for provisioner in "."
2020/06/09 12:57:42 [DEBUG] checking for provisioner in "C:\\ProgramsWithoutInstallers\\Terraform"
2020/06/09 12:57:42 [DEBUG] checking for provisioner in ".terraform\\plugins\\windows_amd64"
2020/06/09 12:57:42 [TRACE] Meta.Backend: backend <nil> does not support operations, so wrapping it in a local backend
2020/06/09 12:57:42 [TRACE] backend/local: requesting state manager for workspace "default"
2020/06/09 12:57:42 [TRACE] backend/local: state manager for workspace "default" will:
 - read initial snapshot from terraform.tfstate
 - write new snapshots to terraform.tfstate
 - create any backup at terraform.tfstate.backup
2020/06/09 12:57:42 [TRACE] backend/local: requesting state lock for workspace "default"
2020/06/09 12:57:42 [TRACE] statemgr.Filesystem: preparing to manage state snapshots at terraform.tfstate
2020/06/09 12:57:42 [TRACE] statemgr.Filesystem: existing snapshot has lineage "eab0aea5-ec1f-f6a4-7b35-ca3367783bf5" serial 11
2020/06/09 12:57:42 [TRACE] statemgr.Filesystem: locking terraform.tfstate using LockFileEx
2020/06/09 12:57:42 [TRACE] statemgr.Filesystem: writing lock metadata to .terraform.tfstate.lock.info
2020/06/09 12:57:42 [TRACE] backend/local: reading remote state for workspace "default"
2020/06/09 12:57:42 [TRACE] statemgr.Filesystem: reading latest snapshot from terraform.tfstate
2020/06/09 12:57:42 [TRACE] statemgr.Filesystem: read snapshot with lineage "eab0aea5-ec1f-f6a4-7b35-ca3367783bf5" serial 11
2020/06/09 12:57:42 [TRACE] backend/local: retrieving local state snapshot for workspace "default"
2020/06/09 12:57:42 [TRACE] backend/local: building context for current working directory
2020/06/09 12:57:42 [TRACE] terraform.NewContext: starting
2020/06/09 12:57:42 [TRACE] terraform.NewContext: loading provider schemas
2020/06/09 12:57:42 [TRACE] LoadSchemas: retrieving schema for provider type "registry.terraform.io/hashicorp/google"
2020-06-09T12:57:42.310+0200 [INFO]  plugin: configuring client automatic mTLS
2020-06-09T12:57:42.333+0200 [DEBUG] plugin: starting plugin: path=.terraform/plugins/registry.terraform.io/hashicorp/google/3.25.0/windows_amd64/terraform-provider-google_v3.25.0_x5.exe args=[.terraform/plugins/registry.terraform.io/hashicorp/google/3.25.0/windows_amd64/terraform-provider-google_v3.25.0_x5.exe]
2020-06-09T12:57:42.334+0200 [DEBUG] plugin: plugin started: path=.terraform/plugins/registry.terraform.io/hashicorp/google/3.25.0/windows_amd64/terraform-provider-google_v3.25.0_x5.exe pid=34616
2020-06-09T12:57:42.334+0200 [DEBUG] plugin: waiting for RPC address: path=.terraform/plugins/registry.terraform.io/hashicorp/google/3.25.0/windows_amd64/terraform-provider-google_v3.25.0_x5.exe
2020-06-09T12:57:42.355+0200 [INFO]  plugin.terraform-provider-google_v3.25.0_x5.exe: configuring server automatic mTLS: timestamp=2020-06-09T12:57:42.354+0200
2020-06-09T12:57:42.377+0200 [DEBUG] plugin: using plugin: version=5
2020-06-09T12:57:42.377+0200 [DEBUG] plugin.terraform-provider-google_v3.25.0_x5.exe: plugin address: address=127.0.0.1:10000 network=tcp timestamp=2020-06-09T12:57:42.377+0200
2020/06/09 12:57:42 [TRACE] GRPCProvider: GetSchema
2020-06-09T12:57:42.422+0200 [TRACE] plugin.stdio: waiting for stdio data
2020-06-09T12:57:42.423+0200 [WARN]  plugin.stdio: received EOF, stopping recv loop: err="rpc error: code = Unimplemented desc = unknown service plugin.GRPCStdio"
2020/06/09 12:57:42 [TRACE] No provider meta schema returned
2020/06/09 12:57:42 [TRACE] GRPCProvider: Close
2020-06-09T12:57:42.461+0200 [DEBUG] plugin: plugin process exited: path=.terraform/plugins/registry.terraform.io/hashicorp/google/3.25.0/windows_amd64/terraform-provider-google_v3.25.0_x5.exe pid=34616
2020-06-09T12:57:42.461+0200 [DEBUG] plugin: plugin exited
2020/06/09 12:57:42 [TRACE] terraform.NewContext: complete
2020/06/09 12:57:42 [TRACE] backend/local: finished building terraform.Context
2020/06/09 12:57:42 [TRACE] Executing graph transform *terraform.ConfigTransformer
2020/06/09 12:57:42 [TRACE] ConfigTransformer: Starting for path: 
2020/06/09 12:57:42 [TRACE] ConfigTransformer: Starting for path: module.iap_brand
2020/06/09 12:57:42 [TRACE] ConfigTransformer: Starting for path: module.project
2020/06/09 12:57:42 [TRACE] Completed graph transform *terraform.ConfigTransformer with new graph:
  module.iap_brand.google_iap_brand.this - *terraform.NodeAbstractResource
  module.iap_brand.google_project_service.this - *terraform.NodeAbstractResource
  module.project.google_project.this - *terraform.NodeAbstractResource
  ------
2020/06/09 12:57:42 [TRACE] Executing graph transform *terraform.AttachResourceConfigTransformer
2020/06/09 12:57:42 [TRACE] AttachResourceConfigTransformer: attaching to "module.project.google_project.this" (*terraform.NodeAbstractResource) config from project\main.tf:1,1-33
2020/06/09 12:57:42 [TRACE] AttachResourceConfigTransformer: attaching provider meta configs to module.project.google_project.this
2020/06/09 12:57:42 [TRACE] AttachResourceConfigTransformer: attaching to "module.iap_brand.google_iap_brand.this" (*terraform.NodeAbstractResource) config from iap_brand\main.tf:1,1-35
2020/06/09 12:57:42 [TRACE] AttachResourceConfigTransformer: attaching provider meta configs to module.iap_brand.google_iap_brand.this
2020/06/09 12:57:42 [TRACE] AttachResourceConfigTransformer: attaching to "module.iap_brand.google_project_service.this" (*terraform.NodeAbstractResource) config from iap_brand\main.tf:14,1-41
2020/06/09 12:57:42 [TRACE] AttachResourceConfigTransformer: attaching provider meta configs to module.iap_brand.google_project_service.this
2020/06/09 12:57:42 [TRACE] Completed graph transform *terraform.AttachResourceConfigTransformer (no changes)
2020/06/09 12:57:42 [TRACE] Executing graph transform *terraform.ImportStateTransformer
2020/06/09 12:57:42 [TRACE] Completed graph transform *terraform.ImportStateTransformer with new graph:
  module.iap_brand.google_iap_brand.this - *terraform.NodeAbstractResource
  module.iap_brand.google_project_service.this - *terraform.NodeAbstractResource
  module.project.google_project.this - *terraform.NodeAbstractResource
  module.project.google_project.this (import id "testproj-972011") - *terraform.graphNodeImportState
  ------
2020/06/09 12:57:42 [TRACE] Executing graph transform *terraform.RootVariableTransformer
2020/06/09 12:57:42 [TRACE] Completed graph transform *terraform.RootVariableTransformer with new graph:
  module.iap_brand.google_iap_brand.this - *terraform.NodeAbstractResource
  module.iap_brand.google_project_service.this - *terraform.NodeAbstractResource
  module.project.google_project.this - *terraform.NodeAbstractResource
  module.project.google_project.this (import id "testproj-972011") - *terraform.graphNodeImportState
  var.application_title - *terraform.NodeRootVariable
  var.billing_account_id - *terraform.NodeRootVariable
  var.org_id - *terraform.NodeRootVariable
  var.project_id - *terraform.NodeRootVariable
  var.project_name - *terraform.NodeRootVariable
  var.support_email - *terraform.NodeRootVariable
  ------
2020/06/09 12:57:42 [TRACE] Executing graph transform *terraform.graphTransformerMulti
2020/06/09 12:57:42 [TRACE] (graphTransformerMulti) Executing graph transform *terraform.ProviderConfigTransformer
2020/06/09 12:57:42 [TRACE] ProviderConfigTransformer: attaching to "provider[\"registry.terraform.io/hashicorp/google\"]" provider configuration from D:\Code\github.com\kalmalyzer\UE4-GHA-Infrastructure\services\falldamagestudio\UE4-GHA-Game\core\main.tf:1,1-18
2020/06/09 12:57:42 [TRACE] (graphTransformerMulti) Completed graph transform *terraform.ProviderConfigTransformer with new graph:
  module.iap_brand.google_iap_brand.this - *terraform.NodeAbstractResource
  module.iap_brand.google_project_service.this - *terraform.NodeAbstractResource
  module.project.google_project.this - *terraform.NodeAbstractResource
  module.project.google_project.this (import id "testproj-972011") - *terraform.graphNodeImportState
  provider["registry.terraform.io/hashicorp/google"] - *terraform.NodeApplyableProvider
  var.application_title - *terraform.NodeRootVariable
  var.billing_account_id - *terraform.NodeRootVariable
  var.org_id - *terraform.NodeRootVariable
  var.project_id - *terraform.NodeRootVariable
  var.project_name - *terraform.NodeRootVariable
  var.support_email - *terraform.NodeRootVariable
  ------
2020/06/09 12:57:42 [TRACE] (graphTransformerMulti) Executing graph transform *terraform.MissingProviderTransformer
2020/06/09 12:57:42 [TRACE] (graphTransformerMulti) Completed graph transform *terraform.MissingProviderTransformer (no changes)
2020/06/09 12:57:42 [TRACE] (graphTransformerMulti) Executing graph transform *terraform.ProviderTransformer
2020/06/09 12:57:42 [TRACE] ProviderTransformer: module.iap_brand.google_project_service.this uses inherited configuration provider["registry.terraform.io/hashicorp/google"]
2020/06/09 12:57:42 [DEBUG] ProviderTransformer: "module.iap_brand.google_project_service.this" (*terraform.NodeAbstractResource) needs provider["registry.terraform.io/hashicorp/google"]
2020/06/09 12:57:42 [TRACE] ProviderTransformer: module.project.google_project.this uses inherited configuration provider["registry.terraform.io/hashicorp/google"]
2020/06/09 12:57:42 [DEBUG] ProviderTransformer: "module.project.google_project.this" (*terraform.NodeAbstractResource) needs provider["registry.terraform.io/hashicorp/google"]
2020/06/09 12:57:42 [TRACE] ProviderTransformer: module.project.google_project.this (import id "testproj-972011") uses inherited configuration provider["registry.terraform.io/hashicorp/google"]
2020/06/09 12:57:42 [DEBUG] ProviderTransformer: "module.project.google_project.this (import id \"testproj-972011\")" (*terraform.graphNodeImportState) needs provider["registry.terraform.io/hashicorp/google"]
2020/06/09 12:57:42 [TRACE] ProviderTransformer: module.iap_brand.google_iap_brand.this uses inherited configuration provider["registry.terraform.io/hashicorp/google"]
2020/06/09 12:57:42 [DEBUG] ProviderTransformer: "module.iap_brand.google_iap_brand.this" (*terraform.NodeAbstractResource) needs provider["registry.terraform.io/hashicorp/google"]
2020/06/09 12:57:42 [TRACE] (graphTransformerMulti) Completed graph transform *terraform.ProviderTransformer with new graph:
  module.iap_brand.google_iap_brand.this - *terraform.NodeAbstractResource
    provider["registry.terraform.io/hashicorp/google"] - *terraform.NodeApplyableProvider
  module.iap_brand.google_project_service.this - *terraform.NodeAbstractResource
    provider["registry.terraform.io/hashicorp/google"] - *terraform.NodeApplyableProvider
  module.project.google_project.this - *terraform.NodeAbstractResource
    provider["registry.terraform.io/hashicorp/google"] - *terraform.NodeApplyableProvider
  module.project.google_project.this (import id "testproj-972011") - *terraform.graphNodeImportState
    provider["registry.terraform.io/hashicorp/google"] - *terraform.NodeApplyableProvider
  provider["registry.terraform.io/hashicorp/google"] - *terraform.NodeApplyableProvider
  var.application_title - *terraform.NodeRootVariable
  var.billing_account_id - *terraform.NodeRootVariable
  var.org_id - *terraform.NodeRootVariable
  var.project_id - *terraform.NodeRootVariable
  var.project_name - *terraform.NodeRootVariable
  var.support_email - *terraform.NodeRootVariable
  ------
2020/06/09 12:57:42 [TRACE] (graphTransformerMulti) Executing graph transform *terraform.PruneProviderTransformer
2020/06/09 12:57:42 [TRACE] (graphTransformerMulti) Completed graph transform *terraform.PruneProviderTransformer (no changes)
2020/06/09 12:57:42 [TRACE] (graphTransformerMulti) Executing graph transform *terraform.ParentProviderTransformer
2020/06/09 12:57:42 [TRACE] (graphTransformerMulti) Completed graph transform *terraform.ParentProviderTransformer (no changes)
2020/06/09 12:57:42 [TRACE] Completed graph transform *terraform.graphTransformerMulti with new graph:
  module.iap_brand.google_iap_brand.this - *terraform.NodeAbstractResource
    provider["registry.terraform.io/hashicorp/google"] - *terraform.NodeApplyableProvider
  module.iap_brand.google_project_service.this - *terraform.NodeAbstractResource
    provider["registry.terraform.io/hashicorp/google"] - *terraform.NodeApplyableProvider
  module.project.google_project.this - *terraform.NodeAbstractResource
    provider["registry.terraform.io/hashicorp/google"] - *terraform.NodeApplyableProvider
  module.project.google_project.this (import id "testproj-972011") - *terraform.graphNodeImportState
    provider["registry.terraform.io/hashicorp/google"] - *terraform.NodeApplyableProvider
  provider["registry.terraform.io/hashicorp/google"] - *terraform.NodeApplyableProvider
  var.application_title - *terraform.NodeRootVariable
  var.billing_account_id - *terraform.NodeRootVariable
  var.org_id - *terraform.NodeRootVariable
  var.project_id - *terraform.NodeRootVariable
  var.project_name - *terraform.NodeRootVariable
  var.support_email - *terraform.NodeRootVariable
  ------
2020/06/09 12:57:42 [TRACE] Executing graph transform *terraform.LocalTransformer
2020/06/09 12:57:42 [TRACE] Completed graph transform *terraform.LocalTransformer with new graph:
  module.iap_brand.google_iap_brand.this - *terraform.NodeAbstractResource
    provider["registry.terraform.io/hashicorp/google"] - *terraform.NodeApplyableProvider
  module.iap_brand.google_project_service.this - *terraform.NodeAbstractResource
    provider["registry.terraform.io/hashicorp/google"] - *terraform.NodeApplyableProvider
  module.iap_brand.local.google_apis (expand) - *terraform.nodeExpandLocal
  module.project.google_project.this - *terraform.NodeAbstractResource
    provider["registry.terraform.io/hashicorp/google"] - *terraform.NodeApplyableProvider
  module.project.google_project.this (import id "testproj-972011") - *terraform.graphNodeImportState
    provider["registry.terraform.io/hashicorp/google"] - *terraform.NodeApplyableProvider
  provider["registry.terraform.io/hashicorp/google"] - *terraform.NodeApplyableProvider
  var.application_title - *terraform.NodeRootVariable
  var.billing_account_id - *terraform.NodeRootVariable
  var.org_id - *terraform.NodeRootVariable
  var.project_id - *terraform.NodeRootVariable
  var.project_name - *terraform.NodeRootVariable
  var.support_email - *terraform.NodeRootVariable
  ------
2020/06/09 12:57:42 [TRACE] Executing graph transform *terraform.OutputTransformer
2020/06/09 12:57:42 [TRACE] Completed graph transform *terraform.OutputTransformer (no changes)
2020/06/09 12:57:42 [TRACE] Executing graph transform *terraform.ModuleVariableTransformer
2020/06/09 12:57:42 [TRACE] Completed graph transform *terraform.ModuleVariableTransformer with new graph:
  module.iap_brand.google_iap_brand.this - *terraform.NodeAbstractResource
    provider["registry.terraform.io/hashicorp/google"] - *terraform.NodeApplyableProvider
  module.iap_brand.google_project_service.this - *terraform.NodeAbstractResource
    provider["registry.terraform.io/hashicorp/google"] - *terraform.NodeApplyableProvider
  module.iap_brand.local.google_apis (expand) - *terraform.nodeExpandLocal
  module.iap_brand.var.application_title (expand) - *terraform.nodeExpandModuleVariable
  module.iap_brand.var.support_email (expand) - *terraform.nodeExpandModuleVariable
  module.project.google_project.this - *terraform.NodeAbstractResource
    provider["registry.terraform.io/hashicorp/google"] - *terraform.NodeApplyableProvider
  module.project.google_project.this (import id "testproj-972011") - *terraform.graphNodeImportState
    provider["registry.terraform.io/hashicorp/google"] - *terraform.NodeApplyableProvider
  module.project.var.billing_account_id (expand) - *terraform.nodeExpandModuleVariable
  module.project.var.org_id (expand) - *terraform.nodeExpandModuleVariable
  module.project.var.project_id (expand) - *terraform.nodeExpandModuleVariable
  module.project.var.project_name (expand) - *terraform.nodeExpandModuleVariable
  provider["registry.terraform.io/hashicorp/google"] - *terraform.NodeApplyableProvider
  var.application_title - *terraform.NodeRootVariable
  var.billing_account_id - *terraform.NodeRootVariable
  var.org_id - *terraform.NodeRootVariable
  var.project_id - *terraform.NodeRootVariable
  var.project_name - *terraform.NodeRootVariable
  var.support_email - *terraform.NodeRootVariable
  ------
2020/06/09 12:57:42 [TRACE] Executing graph transform *terraform.AttachSchemaTransformer
2020/06/09 12:57:42 [TRACE] AttachSchemaTransformer: attaching resource schema to module.iap_brand.google_iap_brand.this
2020/06/09 12:57:42 [TRACE] AttachSchemaTransformer: attaching resource schema to module.iap_brand.google_project_service.this
2020/06/09 12:57:42 [TRACE] AttachSchemaTransformer: attaching resource schema to module.project.google_project.this
2020/06/09 12:57:42 [TRACE] AttachSchemaTransformer: attaching provider config schema to provider["registry.terraform.io/hashicorp/google"]
2020/06/09 12:57:42 [TRACE] Completed graph transform *terraform.AttachSchemaTransformer (no changes)
2020/06/09 12:57:42 [TRACE] Executing graph transform *terraform.ReferenceTransformer
2020/06/09 12:57:42 [DEBUG] ReferenceTransformer: "module.iap_brand.var.application_title (expand)" references: [var.application_title]
2020/06/09 12:57:42 [DEBUG] ReferenceTransformer: "module.project.var.project_name (expand)" references: [var.project_name]
2020/06/09 12:57:42 [DEBUG] ReferenceTransformer: "module.project.var.org_id (expand)" references: [var.org_id]
2020/06/09 12:57:42 [DEBUG] ReferenceTransformer: "module.iap_brand.google_iap_brand.this" references: [module.iap_brand.google_project_service.this module.iap_brand.var.support_email (expand) module.iap_brand.var.application_title (expand)]
2020/06/09 12:57:42 [WARN] ReferenceTransformer: reference not found: "each.key"
2020/06/09 12:57:42 [DEBUG] ReferenceTransformer: "module.iap_brand.google_project_service.this" references: [module.iap_brand.local.google_apis (expand)]
2020/06/09 12:57:42 [DEBUG] ReferenceTransformer: "var.org_id" references: []
2020/06/09 12:57:42 [DEBUG] ReferenceTransformer: "var.application_title" references: []
2020/06/09 12:57:42 [DEBUG] ReferenceTransformer: "var.support_email" references: []
2020/06/09 12:57:42 [DEBUG] ReferenceTransformer: "var.project_name" references: []
2020/06/09 12:57:42 [DEBUG] ReferenceTransformer: "module.iap_brand.local.google_apis (expand)" references: []
2020/06/09 12:57:42 [DEBUG] ReferenceTransformer: "module.project.var.billing_account_id (expand)" references: [var.billing_account_id]
2020/06/09 12:57:42 [DEBUG] ReferenceTransformer: "var.billing_account_id" references: []
2020/06/09 12:57:42 [DEBUG] ReferenceTransformer: "var.project_id" references: []
2020/06/09 12:57:42 [DEBUG] ReferenceTransformer: "module.project.var.project_id (expand)" references: [var.project_id]
2020/06/09 12:57:42 [DEBUG] ReferenceTransformer: "module.project.google_project.this" references: [module.project.var.billing_account_id (expand) module.project.var.project_id (expand) module.project.var.project_name (expand) module.project.var.org_id (expand)]
2020/06/09 12:57:42 [DEBUG] ReferenceTransformer: "module.project.google_project.this (import id \"testproj-972011\")" references: []
2020/06/09 12:57:42 [DEBUG] ReferenceTransformer: "provider[\"registry.terraform.io/hashicorp/google\"]" references: [var.project_id]
2020/06/09 12:57:42 [DEBUG] ReferenceTransformer: "module.iap_brand.var.support_email (expand)" references: [var.support_email]
2020/06/09 12:57:42 [TRACE] Completed graph transform *terraform.ReferenceTransformer with new graph:
  module.iap_brand.google_iap_brand.this - *terraform.NodeAbstractResource
    module.iap_brand.google_project_service.this - *terraform.NodeAbstractResource
    module.iap_brand.var.application_title (expand) - *terraform.nodeExpandModuleVariable
    module.iap_brand.var.support_email (expand) - *terraform.nodeExpandModuleVariable
    provider["registry.terraform.io/hashicorp/google"] - *terraform.NodeApplyableProvider
  module.iap_brand.google_project_service.this - *terraform.NodeAbstractResource
    module.iap_brand.local.google_apis (expand) - *terraform.nodeExpandLocal
    provider["registry.terraform.io/hashicorp/google"] - *terraform.NodeApplyableProvider
  module.iap_brand.local.google_apis (expand) - *terraform.nodeExpandLocal
  module.iap_brand.var.application_title (expand) - *terraform.nodeExpandModuleVariable
    var.application_title - *terraform.NodeRootVariable
  module.iap_brand.var.support_email (expand) - *terraform.nodeExpandModuleVariable
    var.support_email - *terraform.NodeRootVariable
  module.project.google_project.this - *terraform.NodeAbstractResource
    module.project.var.billing_account_id (expand) - *terraform.nodeExpandModuleVariable
    module.project.var.org_id (expand) - *terraform.nodeExpandModuleVariable
    module.project.var.project_id (expand) - *terraform.nodeExpandModuleVariable
    module.project.var.project_name (expand) - *terraform.nodeExpandModuleVariable
    provider["registry.terraform.io/hashicorp/google"] - *terraform.NodeApplyableProvider
  module.project.google_project.this (import id "testproj-972011") - *terraform.graphNodeImportState
    provider["registry.terraform.io/hashicorp/google"] - *terraform.NodeApplyableProvider
  module.project.var.billing_account_id (expand) - *terraform.nodeExpandModuleVariable
    var.billing_account_id - *terraform.NodeRootVariable
  module.project.var.org_id (expand) - *terraform.nodeExpandModuleVariable
    var.org_id - *terraform.NodeRootVariable
  module.project.var.project_id (expand) - *terraform.nodeExpandModuleVariable
    var.project_id - *terraform.NodeRootVariable
  module.project.var.project_name (expand) - *terraform.nodeExpandModuleVariable
    var.project_name - *terraform.NodeRootVariable
  provider["registry.terraform.io/hashicorp/google"] - *terraform.NodeApplyableProvider
    var.project_id - *terraform.NodeRootVariable
  var.application_title - *terraform.NodeRootVariable
  var.billing_account_id - *terraform.NodeRootVariable
  var.org_id - *terraform.NodeRootVariable
  var.project_id - *terraform.NodeRootVariable
  var.project_name - *terraform.NodeRootVariable
  var.support_email - *terraform.NodeRootVariable
  ------
2020/06/09 12:57:42 [TRACE] Executing graph transform *terraform.ImportProviderValidateTransformer
2020/06/09 12:57:42 [TRACE] Completed graph transform *terraform.ImportProviderValidateTransformer (no changes)
2020/06/09 12:57:42 [TRACE] Executing graph transform *terraform.CloseProviderTransformer
2020/06/09 12:57:42 [TRACE] Completed graph transform *terraform.CloseProviderTransformer with new graph:
  module.iap_brand.google_iap_brand.this - *terraform.NodeAbstractResource
    module.iap_brand.google_project_service.this - *terraform.NodeAbstractResource
    module.iap_brand.var.application_title (expand) - *terraform.nodeExpandModuleVariable
    module.iap_brand.var.support_email (expand) - *terraform.nodeExpandModuleVariable
    provider["registry.terraform.io/hashicorp/google"] - *terraform.NodeApplyableProvider
  module.iap_brand.google_project_service.this - *terraform.NodeAbstractResource
    module.iap_brand.local.google_apis (expand) - *terraform.nodeExpandLocal
    provider["registry.terraform.io/hashicorp/google"] - *terraform.NodeApplyableProvider
  module.iap_brand.local.google_apis (expand) - *terraform.nodeExpandLocal
  module.iap_brand.var.application_title (expand) - *terraform.nodeExpandModuleVariable
    var.application_title - *terraform.NodeRootVariable
  module.iap_brand.var.support_email (expand) - *terraform.nodeExpandModuleVariable
    var.support_email - *terraform.NodeRootVariable
  module.project.google_project.this - *terraform.NodeAbstractResource
    module.project.var.billing_account_id (expand) - *terraform.nodeExpandModuleVariable
    module.project.var.org_id (expand) - *terraform.nodeExpandModuleVariable
    module.project.var.project_id (expand) - *terraform.nodeExpandModuleVariable
    module.project.var.project_name (expand) - *terraform.nodeExpandModuleVariable
    provider["registry.terraform.io/hashicorp/google"] - *terraform.NodeApplyableProvider
  module.project.google_project.this (import id "testproj-972011") - *terraform.graphNodeImportState
    provider["registry.terraform.io/hashicorp/google"] - *terraform.NodeApplyableProvider
  module.project.var.billing_account_id (expand) - *terraform.nodeExpandModuleVariable
    var.billing_account_id - *terraform.NodeRootVariable
  module.project.var.org_id (expand) - *terraform.nodeExpandModuleVariable
    var.org_id - *terraform.NodeRootVariable
  module.project.var.project_id (expand) - *terraform.nodeExpandModuleVariable
    var.project_id - *terraform.NodeRootVariable
  module.project.var.project_name (expand) - *terraform.nodeExpandModuleVariable
    var.project_name - *terraform.NodeRootVariable
  provider["registry.terraform.io/hashicorp/google"] - *terraform.NodeApplyableProvider
    var.project_id - *terraform.NodeRootVariable
  provider["registry.terraform.io/hashicorp/google"] (close) - *terraform.graphNodeCloseProvider
    module.iap_brand.google_iap_brand.this - *terraform.NodeAbstractResource
    module.iap_brand.google_project_service.this - *terraform.NodeAbstractResource
    module.project.google_project.this - *terraform.NodeAbstractResource
    module.project.google_project.this (import id "testproj-972011") - *terraform.graphNodeImportState
    provider["registry.terraform.io/hashicorp/google"] - *terraform.NodeApplyableProvider
  var.application_title - *terraform.NodeRootVariable
  var.billing_account_id - *terraform.NodeRootVariable
  var.org_id - *terraform.NodeRootVariable
  var.project_id - *terraform.NodeRootVariable
  var.project_name - *terraform.NodeRootVariable
  var.support_email - *terraform.NodeRootVariable
  ------
2020/06/09 12:57:42 [TRACE] Executing graph transform *terraform.CloseRootModuleTransformer
2020/06/09 12:57:42 [TRACE] Completed graph transform *terraform.CloseRootModuleTransformer with new graph:
  module.iap_brand.google_iap_brand.this - *terraform.NodeAbstractResource
    module.iap_brand.google_project_service.this - *terraform.NodeAbstractResource
    module.iap_brand.var.application_title (expand) - *terraform.nodeExpandModuleVariable
    module.iap_brand.var.support_email (expand) - *terraform.nodeExpandModuleVariable
    provider["registry.terraform.io/hashicorp/google"] - *terraform.NodeApplyableProvider
  module.iap_brand.google_project_service.this - *terraform.NodeAbstractResource
    module.iap_brand.local.google_apis (expand) - *terraform.nodeExpandLocal
    provider["registry.terraform.io/hashicorp/google"] - *terraform.NodeApplyableProvider
  module.iap_brand.local.google_apis (expand) - *terraform.nodeExpandLocal
  module.iap_brand.var.application_title (expand) - *terraform.nodeExpandModuleVariable
    var.application_title - *terraform.NodeRootVariable
  module.iap_brand.var.support_email (expand) - *terraform.nodeExpandModuleVariable
    var.support_email - *terraform.NodeRootVariable
  module.project.google_project.this - *terraform.NodeAbstractResource
    module.project.var.billing_account_id (expand) - *terraform.nodeExpandModuleVariable
    module.project.var.org_id (expand) - *terraform.nodeExpandModuleVariable
    module.project.var.project_id (expand) - *terraform.nodeExpandModuleVariable
    module.project.var.project_name (expand) - *terraform.nodeExpandModuleVariable
    provider["registry.terraform.io/hashicorp/google"] - *terraform.NodeApplyableProvider
  module.project.google_project.this (import id "testproj-972011") - *terraform.graphNodeImportState
    provider["registry.terraform.io/hashicorp/google"] - *terraform.NodeApplyableProvider
  module.project.var.billing_account_id (expand) - *terraform.nodeExpandModuleVariable
    var.billing_account_id - *terraform.NodeRootVariable
  module.project.var.org_id (expand) - *terraform.nodeExpandModuleVariable
    var.org_id - *terraform.NodeRootVariable
  module.project.var.project_id (expand) - *terraform.nodeExpandModuleVariable
    var.project_id - *terraform.NodeRootVariable
  module.project.var.project_name (expand) - *terraform.nodeExpandModuleVariable
    var.project_name - *terraform.NodeRootVariable
  provider["registry.terraform.io/hashicorp/google"] - *terraform.NodeApplyableProvider
    var.project_id - *terraform.NodeRootVariable
  provider["registry.terraform.io/hashicorp/google"] (close) - *terraform.graphNodeCloseProvider
    module.iap_brand.google_iap_brand.this - *terraform.NodeAbstractResource
    module.iap_brand.google_project_service.this - *terraform.NodeAbstractResource
    module.project.google_project.this - *terraform.NodeAbstractResource
    module.project.google_project.this (import id "testproj-972011") - *terraform.graphNodeImportState
    provider["registry.terraform.io/hashicorp/google"] - *terraform.NodeApplyableProvider
  root - *terraform.nodeCloseModule
    provider["registry.terraform.io/hashicorp/google"] (close) - *terraform.graphNodeCloseProvider
  var.application_title - *terraform.NodeRootVariable
  var.billing_account_id - *terraform.NodeRootVariable
  var.org_id - *terraform.NodeRootVariable
  var.project_id - *terraform.NodeRootVariable
  var.project_name - *terraform.NodeRootVariable
  var.support_email - *terraform.NodeRootVariable
  ------
2020/06/09 12:57:42 [TRACE] Executing graph transform *terraform.TransitiveReductionTransformer
2020/06/09 12:57:42 [TRACE] Completed graph transform *terraform.TransitiveReductionTransformer with new graph:
  module.iap_brand.google_iap_brand.this - *terraform.NodeAbstractResource
    module.iap_brand.google_project_service.this - *terraform.NodeAbstractResource
    module.iap_brand.var.application_title (expand) - *terraform.nodeExpandModuleVariable
    module.iap_brand.var.support_email (expand) - *terraform.nodeExpandModuleVariable
  module.iap_brand.google_project_service.this - *terraform.NodeAbstractResource
    module.iap_brand.local.google_apis (expand) - *terraform.nodeExpandLocal
    provider["registry.terraform.io/hashicorp/google"] - *terraform.NodeApplyableProvider
  module.iap_brand.local.google_apis (expand) - *terraform.nodeExpandLocal
  module.iap_brand.var.application_title (expand) - *terraform.nodeExpandModuleVariable
    var.application_title - *terraform.NodeRootVariable
  module.iap_brand.var.support_email (expand) - *terraform.nodeExpandModuleVariable
    var.support_email - *terraform.NodeRootVariable
  module.project.google_project.this - *terraform.NodeAbstractResource
    module.project.var.billing_account_id (expand) - *terraform.nodeExpandModuleVariable
    module.project.var.org_id (expand) - *terraform.nodeExpandModuleVariable
    module.project.var.project_id (expand) - *terraform.nodeExpandModuleVariable
    module.project.var.project_name (expand) - *terraform.nodeExpandModuleVariable
    provider["registry.terraform.io/hashicorp/google"] - *terraform.NodeApplyableProvider
  module.project.google_project.this (import id "testproj-972011") - *terraform.graphNodeImportState
    provider["registry.terraform.io/hashicorp/google"] - *terraform.NodeApplyableProvider
  module.project.var.billing_account_id (expand) - *terraform.nodeExpandModuleVariable
    var.billing_account_id - *terraform.NodeRootVariable
  module.project.var.org_id (expand) - *terraform.nodeExpandModuleVariable
    var.org_id - *terraform.NodeRootVariable
  module.project.var.project_id (expand) - *terraform.nodeExpandModuleVariable
    var.project_id - *terraform.NodeRootVariable
  module.project.var.project_name (expand) - *terraform.nodeExpandModuleVariable
    var.project_name - *terraform.NodeRootVariable
  provider["registry.terraform.io/hashicorp/google"] - *terraform.NodeApplyableProvider
    var.project_id - *terraform.NodeRootVariable
  provider["registry.terraform.io/hashicorp/google"] (close) - *terraform.graphNodeCloseProvider
    module.iap_brand.google_iap_brand.this - *terraform.NodeAbstractResource
    module.project.google_project.this - *terraform.NodeAbstractResource
    module.project.google_project.this (import id "testproj-972011") - *terraform.graphNodeImportState
  root - *terraform.nodeCloseModule
    provider["registry.terraform.io/hashicorp/google"] (close) - *terraform.graphNodeCloseProvider
  var.application_title - *terraform.NodeRootVariable
  var.billing_account_id - *terraform.NodeRootVariable
  var.org_id - *terraform.NodeRootVariable
  var.project_id - *terraform.NodeRootVariable
  var.project_name - *terraform.NodeRootVariable
  var.support_email - *terraform.NodeRootVariable
  ------
2020/06/09 12:57:42 [DEBUG] Starting graph walk: walkImport
2020/06/09 12:57:42 [TRACE] dag/walk: visiting "var.project_id"
2020/06/09 12:57:42 [TRACE] dag/walk: visiting "var.support_email"
2020/06/09 12:57:42 [TRACE] dag/walk: visiting "var.billing_account_id"
2020/06/09 12:57:42 [TRACE] dag/walk: visiting "var.application_title"
2020/06/09 12:57:42 [TRACE] dag/walk: visiting "module.iap_brand.local.google_apis (expand)"
2020/06/09 12:57:42 [TRACE] vertex "var.application_title": starting visit (*terraform.NodeRootVariable)
2020/06/09 12:57:42 [TRACE] vertex "module.iap_brand.local.google_apis (expand)": starting visit (*terraform.nodeExpandLocal)
2020/06/09 12:57:42 [TRACE] vertex "var.support_email": starting visit (*terraform.NodeRootVariable)
2020/06/09 12:57:42 [TRACE] dag/walk: visiting "var.project_name"
2020/06/09 12:57:42 [TRACE] vertex "var.application_title": evaluating
2020/06/09 12:57:42 [TRACE] vertex "module.iap_brand.local.google_apis (expand)": expanding dynamic subgraph
2020/06/09 12:57:42 [TRACE] [walkImport] Entering eval tree: var.application_title
2020/06/09 12:57:42 [TRACE] vertex "var.support_email": evaluating
2020/06/09 12:57:42 [TRACE] vertex "var.project_name": starting visit (*terraform.NodeRootVariable)
2020/06/09 12:57:42 [TRACE] vertex "var.project_name": evaluating
2020/06/09 12:57:42 [TRACE] [walkImport] Entering eval tree: var.support_email
2020/06/09 12:57:42 [TRACE] [walkImport] Entering eval tree: var.project_name
2020/06/09 12:57:42 [TRACE] vertex "var.project_id": starting visit (*terraform.NodeRootVariable)
2020/06/09 12:57:42 [TRACE] vertex "var.project_id": evaluating
2020/06/09 12:57:42 [TRACE] vertex "var.billing_account_id": starting visit (*terraform.NodeRootVariable)
2020/06/09 12:57:42 [TRACE] [walkImport] Entering eval tree: var.project_id
2020/06/09 12:57:42 [TRACE] vertex "var.billing_account_id": evaluating
2020/06/09 12:57:42 [TRACE] eval: *terraform.EvalSequence
2020/06/09 12:57:42 [TRACE] [walkImport] Entering eval tree: var.billing_account_id
2020/06/09 12:57:42 [TRACE] vertex "module.iap_brand.local.google_apis (expand)": visit complete
2020/06/09 12:57:42 [TRACE] [walkImport] Exiting eval tree: var.project_name
2020/06/09 12:57:42 [TRACE] eval: *terraform.EvalSequence
2020/06/09 12:57:42 [TRACE] [walkImport] Exiting eval tree: var.billing_account_id
2020/06/09 12:57:42 [TRACE] vertex "var.billing_account_id": visit complete
panic: no expansion has been registered for module.iap_brand

goroutine 112 [running]:
github.com/hashicorp/terraform/instances.(*expanderModule).moduleInstances(0xc0009c39a0, 0xc00017be20, 0x1, 0x1, 0xc00025fb20, 0x0, 0x4, 0xc00025fae8, 0x4483c6, 0xc000605800)
	/home/circleci/project/project/instances/expander.go:267 +0xb79
github.com/hashicorp/terraform/instances.(*Expander).ExpandModule(0xc0009c39c0, 0xc00017be20, 0x1, 0x1, 0x0, 0x0, 0x0)
	/home/circleci/project/project/instances/expander.go:116 +0x10f
github.com/hashicorp/terraform/terraform.(*nodeExpandLocal).DynamicExpand(0xc000b180f0, 0x23f0320, 0xc000468340, 0x1, 0x1, 0x1)
	/home/circleci/project/project/terraform/node_local.go:70 +0x9b
github.com/hashicorp/terraform/terraform.(*Graph).walk.func1(0x1d16380, 0xc000b180f0, 0x0, 0x0, 0x0)
	/home/circleci/project/project/terraform/graph.go:84 +0x4df
github.com/hashicorp/terraform/dag.(*Walker).walkVertex(0xc000186f60, 0x1d16380, 0xc000b180f0, 0xc000607880)
	/home/circleci/project/project/dag/walk.go:387 +0x35e
created by github.com/hashicorp/terraform/dag.(*Walker).Update
	/home/circleci/project/project/dag/walk.go:309 +0x11de
